<?xml version="1.0" encoding="UTF-8"?>
<!-- Generated by org.testng.reporters.JUnitReportReporter -->
<testsuite skipped="0" hostname="LAPTOP-KJ92LBRO" name="testCases.UpdateOneProductAdvanced" tests="4" failures="0" timestamp="22 Nov 2022 01:32:38 GMT" time="4.197" errors="0">
  <testcase name="createOneProduct" time="2.097" classname="testCases.UpdateOneProductAdvanced"/>
  <testcase name="readAllProducts" time="1.369" classname="testCases.UpdateOneProductAdvanced"/>
  <testcase name="updateOneProduct" time="0.361" classname="testCases.UpdateOneProductAdvanced"/>
  <testcase name="readOneUpdatedProduct" time="0.370" classname="testCases.UpdateOneProductAdvanced"/>
</testsuite> <!-- testCases.UpdateOneProductAdvanced -->
