<?xml version="1.0" encoding="UTF-8"?>
<!-- Generated by org.testng.reporters.JUnitReportReporter -->
<testsuite skipped="0" hostname="LAPTOP-KJ92LBRO" name="testCases.CreateOneProduct" tests="3" failures="0" timestamp="21 Nov 2022 20:39:52 GMT" time="4.518" errors="0">
  <testcase name="createOneProducts" time="2.786" classname="testCases.CreateOneProduct"/>
  <testcase name="readAllProducts" time="1.345" classname="testCases.CreateOneProduct"/>
  <testcase name="readOneProducts" time="0.387" classname="testCases.CreateOneProduct"/>
</testsuite> <!-- testCases.CreateOneProduct -->
