<?xml version="1.0" encoding="UTF-8"?>
<!-- Generated by org.testng.reporters.JUnitReportReporter -->
<testsuite skipped="0" hostname="LAPTOP-KJ92LBRO" name="testCases.UpdateOneProduct" tests="2" failures="0" timestamp="21 Nov 2022 22:34:37 GMT" time="2.427" errors="0">
  <testcase name="updateOneProducts" time="1.985" classname="testCases.UpdateOneProduct"/>
  <testcase name="readOneUpdatedProducts" time="0.442" classname="testCases.UpdateOneProduct"/>
</testsuite> <!-- testCases.UpdateOneProduct -->
